[    0.000000]inux version 4.5.0-66-generic (buildd@lgw01-amd64-044) (gcc version 7.4.0 (Ubuntu 7.4.0-1ubuntu1~18.04.1)) #75-Ubuntu SMP Tue Oct 1 05:24:09 UTC 2019 (Ubuntu 4.15.0-66.75-generic .15.18)
[    0.000000] Command line: BOOT_IMAGE=boot/vmlinuz-4.15.0-66-generic root=UUID=f3638ad1-09b3-4522-a2a0-7cc460e907bc ro console=tty1 console=ttyS0
[    0.000000] KERELuported cpu:[    0.000000   Intel enuineIntel
[  0000000]   AMD utenicAMD    0.000000   Cntaur CentaurHauls
[    0.000000] x86/fpu: Supporting SAE feur 0x001'x7 fltig pointegsters'[    0.0000]x86/fpu: Supporting XSAVE feature 0x002: 'SSE registers'
[  0.000000] x/fu: Sppting XSAVE feature 0x004: 'AVX registers'
[    0.0000]x86/fpu: xstate_offset[2]:  576, xstate_sizes[2]:  256
[    0.0000] x86/fpu: Enabled xstate features 0x7, context size is 832 bytes, using 'standard' format.
[    0.000000] e820: BIOS-provided physical RAMmap:
[    0.000000] BIOS-e820: [mem 0x0000000000000000-0x000000000009fbff] usable
[    0.000000] BIOS-e820: [mem 0x000000000009fc00-0x000000000009ffff] reserved
[    0.000000] BIOS-e820: [mem 0x00000000000f0000-0x00000000000fffff] reserved
[    0.000000] BIOS-e820: [mem 0x0000000100000-0x000000003ffff] usable
    0.00000BIOSe820 [memx00000003ff00-0x0000000ffffff] PIdata
[  0.000000]BIOSe820: [em 0x000000fec000-0x000000fe00ff reserve
   0.000000]BIS-820: [m x0000000fe0000-0x00000000fee00fff] reserved
[    0.000000] BIOS-e820: [mem 0x0000000fffc0000-0x00000000ffffffff] resered
[   00000] X Executeisable) prtectin: activ
[   0.00000] SMIOS 2. presnt
[    0.0000]DMI:innotk mbH VitulBox/ViualBox, BIOS VirtualBox 12/01/2006
[    0.000000] Hypervisor detected: KVM
[    0.000000] e820: last_pfn = 0x3fff0 max_arch_pfn = 0x400000000
[    0.000000] MTRR: Disabled
[    0.000000] x86/PAT: MTRRs disabled, skipping PAT initialization too.
[    0.000000] CPU MTRRs all blank - virtualized system.
[    0.000000] x86/PAT: Configuration[0-7]WB WT  C-UC  WB  WT  UC- UC  [    0.000] fod MP MP-ble t [mem0x09fff0-0x009fff]
[    .000000] Scanning 1 ares or low memory corruption
[    0.00000] RAMDISK: [mem 0x35981000-0x36cb7fff][    0.000000] ACPI: Early table checksum verification disabled
[    0.000000] ACPI: RSDP 0x00000000000E0000 00002(v2 VBOX  )
[    0.000000] ACPI: XSDT 0x000000003FFF0030 00003C (v01 VBOX   VBOXXSDT 0000001 ASL  00000061)
[    0.000000] ACPI: FACP 0x000000003FFF00F0 0000F4 (v04 VBOX   VBOXFACP 00000001 ASL  00000061)
[  0.000000] ACPI: DSDT 0x000000003FFF0470 0021FF (v02 VBOX   VBOXBIOS 00000002 INTL 20100528)
[    0.000000] ACPI: FACS 0x000000003FFF0200 000040
[    0.000000] ACPI: FACS 0x000000003FFF0200 000040
[    0.000000] ACPI: APIC 0x000000003FFF0240 000005C (v02 VBOX   VBOXAPIC 00000001 ASL  00000061)
[    0.000000] ACPI: SSDT 0x000000003FFF02A0 0001CC (v01 VBOX   VBOCPUT 00000002 INTL 20100528)
[    0.000000] No NUMA configuration found
[    0.0000] Faki anode at em0x000000000000-000000000ffefff]
[  0000000] NODDAA(0) aloted [mem 0ffc5000-0xfeffff
    0.000000] kvm-clock cpu 0, msr 0ff4001, riar cpu clock
[   0.000] k-cock: Using msrs 4b564d01 and 4b564d00
[    0.000000] kvm-clock: sing sched offset of 4411026587 cycles
[    0.000000] clocksource: kvm-clock: mask: 0xfffffffffffffff max_cycles: 0x1cd42e4dffb, maxid_ns:889059483 n
    0.0000] one raes
[  000000] DMA    [m 0x0000000000001000-0x0000000000ffffff]
[   0.00000]  MA32   [me0x0000000100000-0x000000003ffeffff]
[    0.000000]   Normal   emp
    0.000000]   Device   empty
[    0.000000] Movable zone start for each node
[   0.00000] Early meory node rges
[   0.000000]   node   0: [mem 0x0000000000001000-0x000000000009efff]
[    0.000000]   node   0: [mmem 0x0000000000100000-0x000003ffff]
[    0.00000 Resrvd but unavaiable: 8 pages
[    0.000000] Initmem setup node 0 [mem 0x0000000000001000-0x00000003ffeffff]
[    0.000000] ACPI: PM-Timer IO Port: x4008
[    .000000] IOAPIC[0]: apic_id 2, version 32, addrss 0xfec000, SI 0-2
   0.000000] API INT_SRC_O (us 0 bus_irq 0 global_irq 2 dfl dfl)
[    0.000000] ACPI: INT_SRC_OVR (bus 0 bs_q 9 loal_irq 9 w eve
    0.0000] Usin ACPI (MADT) forMP coiguraion infomaion
[  0.00000] smpboot: Allowig 2 CPs, 0 hoplug Cs
[    0.000000]M: Rgitered nosave memory: [mem 0x00000000-0x00000fff]
[    0.000000] PM: Regisered nosave memory: [mem 0x0009f000-0x0009ffff]
[    0.000000] PM: Registered nosave mery [memx00a00000x00efff
[    0.000000 P: Regierd nosave emy: [me0x00f0000-0x000ffff
[   0.00000] e80:[memx40000000xfbfffffavailable forCI devics
[    00000] Booinparairualize krnel on KVM
[    0.000000] clocksource: refined-jiffies: mask0xffffffff max_cycles: 0xffffffff, max_idle_ns: 7645519600211568 ns
[    0.000000] random: get_random_bytes called from start_kernel+0x99/0x4fd with crng_init=0
[    0.000000] setup_percpu: NR_CPUS:8192 nr_cpumask_bits:2 nr_cpu_ids:2 nr_node_ids:1
[    0.000000] percpu: Embedded 46 pages/cpu s151552 r8192 d28672 u1048576
[    0.000000] PV qspinlock hash table entries: 256 (order: 0, 4096 byte
[    0.000000] Built 1 zonelists, mobility grouping on.  Total pages: 257913
[    0.000000] Policy zone: DMA32
[   0.000000] Kernel command line: BOT_IMAGE=/boot/vmlinuz-4.15.0-66-generic rootUUD=3638d109b3522-a20-cc460e07c ro conse=ty1 cosoe=ttyS0
[    0.000000] Memory: 982904K/1048120K available (12300K kernel code, 2481K rwdata, 260Krodaa,246K init2388K bss, 616K reserv, 0K ca-eserved)
[    0.000000] SLUB: HWalign=64, Order=0-3, MinObjects=0, CPUs=2, Nodes=1
[    0.000000] Kernel/User page tables isolation: enabled
[    0.000000] ftrace: allocating 39306 ntries in 154 ags
[  000400]Hierarchil RCU implementation.
[    0.004000] 	RCU restricting CPUs from NR_CPUS=8192 to nr_cpu_ids=2.
[    0.004000] 	Tasks RCU enabled.
[    0.004000] RCU: Adjusting geometry for rcu_fanout_leaf=16, nr_cpu_ids=2
[    0.004000] NR_IRQS: 524544, nr_irqs: 440, preallocated irqs: 16
[    0.004000] Console: colour VGA+ 80x25
[    0.004000] console [tty1] enabled
[    0.004000] console [ttyS0 eabled
[  00040] ACPI: Core revion 2017083
[    00000] PI 2 ACP AL table scessful aquired and loaded
[    0.004000] APIC: Switch to symmetric I/O mode setup
[    0.004242] x2apic enabled
[    0.008007] Switched APIC routing to physical x2apic.
[    0.012997] ..TIMER: vector=0x30 apic1=0 pin1=2 apic2=-1 pin2=-1
[    0.016006] tsc: Detected 1391.999 MHz processor
[    0.020013] Calibrating delay loop (skipped) preset value.. 2783.99 BogoMIPS (lpj=5567996)
[    0.024008] pid_max: default: 32768 minimum: 301
[    0.028043] Security Framework initialized
[    0.032038] Yama: becoming mindful.
[    0.033440] AppArmor: AppArmor initialized
[    0.035001] Dentry cache hash table entries: 131072 (order: 8, 1048576 bytes)
[    0.036083] Inode-cache hash table entries: 65536 (order: 7, 524288 bytes)
[    0.040022] Mount-cache hash table entries: 2048 (order: 2, 16384 bytes)
[    0.044012] Mountpoint-cache hash table entries: 2048 (order: 2, 16384 bytes)
[    0.048227] Last level iTLB entries: 4KB 64, 2MB 8, 4MB 8
[    0.052004] Last level dTLB entries: 4KB 64, 2MB 0, 4MB 0, 1GB 4
[    0.056005] Spectre V1 : Mitigation: usercopy/swapgs barriers and __user pointer sanitization
[    0.060006] Spectre V2 : Mitigation: Full generic retpoline
[    0.061908] Spectre V2 : Spectre v2 / SpectreRSB mitigation: Filling RSB on context switch
[    0.064005] Speculative Store Bypass: Vulnerable
[    0.065077] MDS: Vulnerable: Clear CPU buffers attempted, no microcode
[    0.068146] Freeing SMP alternatives memory: 36K
[    0.184468] smpboot: CPU0: Intel(R) Core(TM) i5-8257U CPU @ 1.40GHz (family: 0x6, model: 0x8e, stepping: 0xa)
[    0.188096] Performance Events: unsupported p6 CPU model 142 no PMU driver, software events only.
[    0.192062] Hierarchical SRCU implementation.
[    0.196603] NMI watchdog: Perf event create on CPU 0 failed with -2
[    0.200007] NMI watchdog: Perf NMI watchdog permanently disabled
[    0.204078] smp: Bringing up secondary CPUs ...
[    0.208117] x86: Booting SMP configuration:
[    0.212006] .... node  #0, CPUs:      #1
[    0.004000] kvm-clock: cpu 1, msr 0:3ff44041, secondary cpu clock
[    0.224021] smp: Brought up 1 node, 2 CPUs
[    0.228010] smpboot: Max logical packages: 1
[    0.228924] smpboot: Total of 2 processors activated (5567.99 BogoMIPS)
[    0.232137] devtmpfs: initialized
[    0.236139] x86/mm: Memory block size: 128MB
[    0.240169] evm: security.selinux
[    0.244007] evm: security.SMACK64
[    0.245393] evm: security.SMACK64EXEC
[    0.248005] evm: security.SMACK64TRANSMUTE
[    0.251362] evm: security.SMACK64MMAP
[    0.252005] evm: security.apparmor
[    0.256005] evm: security.ima
[    0.260006] evm: security.capability
[    0.262508] clocksource: jiffies: mask: 0xffffffff max_cycles: 0xffffffff, max_idle_ns: 7645041785100000 ns
[    0.264015] futex hash table entries: 512 (order: 3, 32768 bytes)
[    0.269704] pinctrl core: initialized pinctrl subsystem
[    0.272115] RTC time:  6:04:44, date: 11/22/19
[    0.273796] NET: Registered protocol family 16
[    0.276071] audit: initializing netlink subsys (disabled)
[    0.280046] audit: type=2000 audit(1574402679.808:1): state=initialized audit_enabled=0 res=1
[    0.281749] cpuidle: using governor ladder
[    0.284018] cpuidle: using governor menu
[    0.288059] ACPI: bus type PCI registered
[    0.292008] acpiphp: ACPI Hot Plug PCI Controller Driver version: 0.5
[    0.296185] PCI: Using configuration type 1 for base access
[    0.301059] HugeTLB registered 2.00 MiB page size, pre-allocated 0 pages
[    0.304100] ACPI: Added _OSI(Module Device)
[    0.305520] ACPI: Added _OSI(Processor Device)
[    0.308007] ACPI: Added _OSI(3.0 _SCP Extensions)
[    0.309667] ACPI: Added _OSI(Processor Aggregator Device)
[    0.312008] ACPI: Added _OSI(Linux-Dell-Video)
[    0.313677] ACPI: Added _OSI(Linux-Lenovo-NV-HDMI-Audio)
[    0.316009] ACPI: Added _OSI(Linux-HPI-Hybrid-Graphics)
[    0.319549] ACPI: Executed 1 blocks of module-level executable AML code
[    0.325245] ACPI: Interpreter enabled
[    0.328021] ACPI: (supports S0 S5)
[    0.329233] ACPI: Using IOAPIC for interrupt routing
[    0.332286] PCI: Using host bridge windows from ACPI; if necessary, use "pci=nocrs" and report a bug
[    0.336273] ACPI: Enabled 2 GPEs in block 00 to 07
[    0.348357] ACPI: PCI Root Bridge [PCI0] (domain 0000 [bus 00-ff])
[    0.350311] acpi PNP0A03:00: _OSC: OS supports [ASPM ClockPM Segments MSI]
[    0.352038] acpi PNP0A03:00: _OSC: not requesting OS control; OS requires [ExtendedConfig ASPM ClockPM MSI]
[    0.356025] acpi PNP0A03:00: fail to add MMCONFIG information, can't access extended PCI configuration space under this bridge.
[    0.360881] PCI host bridge to bus 0000:00
[    0.364009] pci_bus 0000:00: root bus resource [io  0x0000-0x0cf7 window]
[    0.368007] pci_bus 0000:00: root bus resource [io  0x0d00-0xffff window]
[    0.372008] pci_bus 0000:00: root bus resource [mem 0x000a0000-0x000bffff window]
[    0.376031] pci_bus 0000:00: root bus resource [mem 0x40000000-0xfdffffff window]
[    0.378671] pci_bus 0000:00: root bus resource [bus 00-ff]
[    0.385489] pci 0000:00:01.1: legacy IDE quirk: reg 0x10: [io  0x01f0-0x01f7]
[    0.388008] pci 0000:00:01.1: legacy IDE quirk: reg 0x14: [io  0x03f6]
[    0.389327] pci 0000:00:01.1: legacy IDE quirk: reg 0x18: [io  0x0170-0x0177]
[    0.390930] pci 0000:00:01.1: legacy IDE quirk: reg 0x1c: [io  0x0376]
[    0.408282] pci 0000:00:07.0: quirk: [io  0x4000-0x403f] claimed by PIIX4 ACPI
[    0.409815] pci 0000:00:07.0: quirk: [io  0x4100-0x410f] claimed by PIIX4 SMB
[    0.420605] ACPI: PCI Interrupt Link [LNKA] (IRQs 5 9 10 *11)
[    0.422276] ACPI: PCI Interrupt Link [LNKB] (IRQs 5 9 *10 11)
[    0.423952] ACPI: PCI Interrupt Link [LNKC] (IRQs 5 *9 10 11)
[    0.424178] ACPI: PCI Interrupt Link [LNKD] (IRQs 5 9 10 *11)
[    0.428429] SCSI subsystem initialized
[    0.432074] pci 0000:00:02.0: vgaarb: setting as boot VGA device
[    0.436000] pci 0000:00:02.0: vgaarb: VGA device added: decodes=io+mem,owns=io+mem,locks=none
[    0.436011] pci 0000:00:02.0: vgaarb: bridge control possible
[    0.440006] vgaarb: loaded
[    0.440722] ACPI: bus type USB registered
[    0.441589] usbcore: registered new interface driver usbfs
[    0.444032] usbcore: registered new interface driver hub
[    0.448038] usbcore: registered new device driver usb
[    0.449559] EDAC MC: Ver: 3.0.0
[    0.456087] PCI: Using ACPI for IRQ routing
[    0.460171] NetLabel: Initializing
[    0.463793] NetLabel:  domain hash size = 128
[    0.464005] NetLabel:  protocols = UNLABELED CIPSOv4 CALIPSO
[    0.468045] NetLabel:  unlabeled traffic allowed by default
[    0.472154] clocksource: Switched to clocksource kvm-clock
[    0.487041] VFS: Dskuos uot_6.0[  074016] FSDqotac hh ab etries:512 (order 0 496bys)
[   1.386] pprmr: AppArmor Filesystem Enabled
[   1.540328] pnp: PnP ACPI init
[    1.571998] pnp: PP ACPI: fond dices
[  17315clocoue:cp_p mk:0xffffax_cycles:0xfff,maid_n: 08014 s

[    2.621827] NET: Registered protocol family 2
[    2.623224] TCP established hash table entries: 8192 (order: 4, 65536 bytes)
[    2.631101] TCP bind hash table entries: 8192 (order: 5, 131072 bytes)
[    2.640729] TCP: Hash tables configred (established 8192 bind 82)
[   7257] P astalentes 52 orr: , 634 tes)
[  32936UDLie shtale entries: 52 orer: 2, 16384 bytes)
[    3.721318] NET: Registered protocol famy 1
[  378352] pci 0000:00:00.: imin dret CIPC taner
[    4.9990pc000:0:00: Atitig A A ngworkarounds
[    4.7289 p 0000:00:02.0: Video device with shadowed ROM at [mem 0x000c0000-0x000dffff]

[    4.840435] Unpacking initramfs...
[    5.128455] Freeing initrd memory: 19676K
[    5.194488] clocksource: tsc: mask: 0xffffffffffffffff max_cycles: 0x14109a24aaa, max_idle_ns: 440795250993 ns
[    5.429031] platform rtc_cmos: registered platform RTC device (no PNP device found)
[    5.562880] Scanning for low memory corruption every 60 seconds
[    5.672762] Initialise system trusted keyrings
[    5.828386] Key type blacklist registered
[    5.925732] workingset: timestamp_bits=36 max_order=18 bucket_order=0
[    5.941845] zbud: loaded
[    5.943652] squashfs: version 4.0 (2009/01/31) Phillip Lougher
[    5.948852] fuse init (API version 7.26)
[    5.955753] Key type asymmetric registered
[    5.957015] Asymmetric key parser 'x509' registered
[    5.959834] Block layer SCSI generic (bsg) driver version 0.4 loaded (major 246)
[    5.962533] io scheduler noop registered
[    5.966026] io scheduler deadline registered
[    5.968723] io scheduler cfq registered (default)
[    5.972228] ACPI: AC Adapter [AC] (off-line)
[    5.973714] input: Power Button as /devices/LNXSYSTM:00/LNXPWRBN:00/input/input0
[    5.977357] ACPI: Power Button [PWRF]
[    5.980553] input: Sleep Button as /devices/LNXSYSTM:00/LNXSLPBN:00/input/input1
[    5.982844] ACPI: Sleep Button [SLPF]
[    5.984700] Serial: 8250/16550 driver, 32 ports, IRQ sharing enabled
[   .98595] API BtterySl [BAT0](btteryresen)[    6.343536] 00:02: ttyS0 at I/O 0x3f8 (irq = 4, base_baud = 115200) is a 16550A
[    6.535911] Linux agpgart interface v0.103
[    6.630413] loop: module loaded
[    6.687211] scsi host0: ata_piix
[    6.768145] scsi host1: ata_piix
[    6.823678] ata1: PATA max UDMA/33 cmd 0x1f0 ctl 0x3f6 bmdma 0xd000 irq 14
[    6.975647] ata2: PATA max UDMA/33 cmd 0x170 ctl 0x376 bmdma 0xd008 irq 15
[    7.012288] libphy: Fed MDIO Bus: probed
[    7.072443] tun: Universal TUN/TAP device driver, 1.6

[    7.074282] PPP generic driver version 2.4.2
[    7.077593] ehci_hcd: USB 2.0 'Enhanced' Host Controller (EHCI) Driver
[    7.087129] ehci-pci: EHCI PCI platform driver
[    7.170565] ehci-platform: EHCI generic platform driver
[    7.316667] ohci_hcd: USB 1.1 'Open' Host Controller (OHCI) Driver
[   .4826]hcpc: OH PCI platfom iver
[   7.816777] ohci-platfm:OHI geneiclaor dve

[    8.145753] uhci_hcd: USB Universal Host Controller Interface driver
[    8.149703] i8042: PNP: PS/2 Controller [PNP030:PS2K,PNP0f03:PS2M] at 0x60,0x64 irq 1,12
[    8.179855] serio: i8042 KBD port at 0x60,0x64 irq 1
[    8.181490] serio: i8042 AUX port at 0x60,0x64 irq 12

[    8.183346] mousedev: PS/2 mouse device common for all mice
[    8.186473] input: AT Translated Set 2 keyboard as /devices/platform/i8042/serio0/input/input2
[    8.192623] rtc_cmos rtc_cmos: rtc core: registered rtc_cmos as rtc0
[    8.212362] rtc_cmos rtc_cmos: alarms up to one day, 114 bytes nvram
[    8.214947] i2c /dev entries driver
[    8.237345] device-mapper: uevent: version 1.0.3
[    8.238578] device-mapper: ioctl: 4.37.0-ioctl (2017-09-20) initialised: dm-devel@redhat.com
[    8.357005] ledtrig-cpu: registered to indicate activity on CPUs
[    8.406849] NET: Registered protocol family 10
[    8.474183] Segment Routing with IPv6
[    8.520152] NET: Registered protocol family 17
[    8.582267] Key type dns_resolver registered
[    8.653915] mce: Using 0 MCE banks
[    8.721020] RAS: Correctable Errors collector initialized.
[    8.822832] sched_clock: Marking stable (8822802180, 0)->(20682228262, -11859426082)
[    8.989325] registered taskstats version 1
[    9.065946] Loading compiled-in X.509 certificates
[    9.141297] Loaded X.509 cert 'Build time autogenerated kernel key: 01a66adcc10ca4ce7676a3458c33483b0e2b806e'
[    9.224817] zswap: loaded using pool lzo/zbud
[    9.253026] Key type big_key registered
[    9.254461] Key type trusted registered
[    9.258042] Key type encrypted registered
[    9.259330] AppArmor: AppArmor sha1 policy hashing enabled
[    9.264625] ima: No TPM chip found, activating TPM-bypass! (rc=-19)
[    9.280871] ima: Allocated hash algorithm: sha1
[    9.288673] evm: HMAC attrs: 0x1
[    9.290195]   Magic number: 11:830:64
[    9.292721] rtc_cmos rtc_cmos: setting system clock to 2019-11-22 06:04:54 UTC (1574402694)
[    9.295323] BIOS EDD facility v0.16 2004-Jun-25, 0 devices found
[    9.296806] EDD information not available.
[    9.374792] Freeing unused kernel image memory: 2436K
[    9.499853] Write protecting the kernel read-only data: 20480k
[    9.649718] Freeing unused kernel image memory: 2008K
[   10.697136] Freeing unused kernel image memory: 1884K
[   11.683678] x86/mm: Checked W+X mappings: passed, no W+X pages found.
[   12.323402] x86/mm: Checking user space page tables
[   13.203276] x86/mm: Checked W+X mappings: passed, no W+X pages found.
Loading, please wait...
starting version 237
[   14.544043] e1000: Intel(R) PRO/1000 Network Driver - version 7.3.21-k8-NAPI
[   14.633147] e1000: Copyright (c) 1999-2006 Intel Corporation.
[   14.648369] Fusion MPT base driver 3.04.20
[   14.664942] Copyright (c) 1999-2008 LSI Corporation
[   14.672836] Fusion MPT SPI Host driver 3.04.20
[   14.733042] AVX2 version of gcm_enc/dec engaged.
[   14.747885] AES CTR mode by8 optimization enabled
[   14.965448] input: ImExPS/2 Generic Explorer Mouse as /devices/platform/i8042/serio1/input/input4
[   15.189788] e1000 0000:00:03.0 eth0: (PCI:33MHz:32-bit) 02:76:54:76:58:75
[   15.455707] e1000 0000:00:03.0 eth0: Intel(R) PRO/1000 Network Connection
[   15.727512] mptbase: ioc0: Initiating bringup
[   16.484389] ioc0: LSI53C1030 A0: Capabilities={Initiator}
[   17.517127] scsi host2: ioc0: LSI53C1030 A0, FwRev=00000000h, Ports=1, MaxQ=256, IRQ=20
[   19.547827] scsi 2:0:0:0: Direct-Access     VBOX     HARDDISK         1.0  PQ: 0 ANSI: 5
[   19.956105] scsi target2:0:0: Beginning Domain Validation
[   20.051814] scsi target2:0:0: Domain Validation skipping write tests
[   20.129445] e1000 0000:00:08.0 eth1: (PCI:33MHz:32-bit) 08:00:27:7a:a0:f8
[   20.251562] scsi target2:0:0: Ending Domain Validation
[   20.271821] e1000 0000:00:08.0 eth1: Intel(R) PRO/1000 Network Connection
[   20.279983] scsi target2:0:0: asynchronous
[   20.304964] e1000 0000:00:03.0 enp0s3: renamed from eth0
[   20.307884] scsi 2:0:1:0: Direct-Access     VBOX     HARDDISK         1.0  PQ: 0 ANSI: 5
[   20.320692] e1000 0000:00:08.0 enp0s8: renamed from eth1
[   20.354242] scsi target2:0:1: Beginning Domain Validation
[   20.414322] random: fast init done
[   20.474639] scsi target2:0:1: Domain Validation skipping write tests
[   20.475893] scsi target2:0:1: Ending Domain Validation
[   20.524287] scsi target2:0:1: asynchronous
[   21.307574] random: systemd-udevd: uninitialized urandom read (16 bytes read)
[   21.307735] sd 2:0:0:0: [sda] 20971520 512-byte logical blocks: (10.7 GB/10.0 GiB)
[   21.309325] random: systemd-udevd: uninitialized urandom read (16 bytes read)
[   21.310809] sd 2:0:0:0: Attached scsi generic sg0 type 0
[   21.312264] random: systemd-udevd: uninitialized urandom read (16 bytes read)
[   21.312403] sd 2:0:0:0: [sda] Write Protect is off
[   21.315897] sd 2:0:0:0: [sda] Incomplete mode parameter data
[   21.317133] sd 2:0:0:0: [sda] Assuming drive cache: write through
[   21.319680] sd 2:0:1:0: Attached scsi generic sg1 type 0
[   21.321352] sd 2:0:1:0: [sdb] 20480 512-byte logical blocks: (10.5 MB/10.0 MiB)
[   21.411466] sd 2:0:1:0: [sdb] Write Protect is off
[   21.413878] sd 2:0:1:0: [sdb] Incomplete mode parameter data
[   21.416992] sd 2:0:1:0: [sdb] Assuming drive cache: write through
[   21.417017]  sda: sda1
[   21.422569] sd 2:0:0:0: [sda] Attached SCSI disk
[   21.424407] sd 2:0:1:0: [sdb] Attached SCSI disk
Begin: Loading essential drivers ... [   22.860102] raid6: sse2x1   gen() 10257 MB/s
[   22.908344] raid6: sse2x1   xor()  8157 MB/s
[   22.964763] raid6: sse2x2   gen() 15362 MB/s
[   23.052006] raid6: sse2x2   xor() 10438 MB/s
[   23.128026] raid6: sse2x4   gen() 17428 MB/s
[   23.284376] raid6: sse2x4   xor() 11043 MB/s
[   23.368447] raid6: avx2x1   gen() 24999 MB/s
[   23.504098] raid6: avx2x1   xor() 16087 MB/s
[   23.556398] raid6: avx2x2   gen() 30712 MB/s
[   23.616134] raid6: avx2x2   xor() 15660 MB/s
[   23.664427] raid6: avx2x4   gen() 25778 MB/s
[   23.713760] raid6: avx2x4   xor() 22261 MB/s
[   23.714884] raid6: using algorithm avx2x2 gen() 30712 MB/s
[   23.815747] raid6: .... xor() 15660 MB/s, rmw enabled
[   23.954994] raid6: using avx2x2 recovery algorithm
[   24.077523] xor: automatically using best checksumming function   avx       
[   24.193143] async_tx: api initialized (async)
done.
Begin: Running /scripts/init-premount ...[   24.298801] Btrfs loaded, crc32c=crc32c-intel
 done.
Begin: Mounting root file system ... Begin: Running /scripts/local-top ... done.
Begin: Running /scripts/local-premount ... Scanning for Btrfs filesystems
done.
Warning: fsck not present, so skipping root file system
[   24.412972] EXT4-fs (sda1): mounted filesystem with ordered data mode. Opts: (null)
done.
Begin: Running /scripts/local-bottom ... done.
Begin: Running /scripts/init-bottom ... done.
[   24.620332] ip_tables: (C) 2000-2006 Netfilter Core Team
[   24.630260] systemd[1]: systemd 237 running in system mode. (+PAM +AUDIT +SELINUX +IMA +APPARMOR +SMACK +SYSVINIT +UTMP +LIBCRYPTSETUP +GCRYPT +GNUTLS +ACL +XZ +LZ4 +SECCOMP +BLKID +ELFUTILS +KMOD -IDN2 +IDN -PCRE2 default-hierarchy=hybrid)
[   24.724173] systemd[1]: Detected virtualization oracle.
[   24.726039] systemd[1]: Detected architecture x86-64.

Welcome to [1mUbuntu 18.04.3 LTS[0m!

[   25.493227] systemd[1]: Set hostname to <ubuntu-bionic>.
[   25.745373] systemd[1]: Reached target Swap.
[[0;32m  OK  [0m] Reached target Swap.
[   25.749534] systemd[1]: Created slice System Slice.
[[0;32m  OK  [0m] Created slice System Slice.
[   25.756192] systemd[1]: Listening on udev Control Socket.
[[0;32m  OK  [0m] Listening on udev Control Socket.
[   25.768609] systemd[1]: Created slice system-serial\x2dgetty.slice.
[[0;32m  OK  [0m] Created slice system-serial\x2dgetty.slice.
[   25.774887] systemd[1]: Created slice User and Session Slice.
[[0;32m  OK  [0m] Created slice User and Session Slice.
[   25.788286] systemd[1]: Reached target Slices.
[[0;32m  OK  [0m] Reached target Slices.
[[0;32m  OK  [0m] Listening on Journal Audit Socket.
[[0;32m  OK  [0m] Listening on /dev/initctl Compatibility Named Pipe.
[[0;32m  OK  [0m] Listening on Device-mapper event daemon FIFOs.
[[0;32m  OK  [0m] Listening on LVM2 poll daemon socket.
[[0;32m  OK  [0m] Listening on udev Kernel Socket.
[[0;32m  OK  [0m] Listening on LVM2 metadata daemon socket.
[[0;32m  OK  [0m] Listening on Syslog Socket.
[[0;32m  OK  [0m] Reached target System Time Synchronized.
[[0;32m  OK  [0m] Listening on Network Service Netlink Socket.
[[0;32m  OK  [0m] Reached target User and Group Name Lookups.
[[0;32m  OK  [0m] Listening on Journal Socket.
         Mounting Kernel Debug File System...
         Starting Uncomplicated firewall...
         Starting Set the console keyboard layout...
         Starting Monitoring of LVM2 mirrors…ng dmeventd or progress polling...
         Starting Load Kernel Modules...
         Mounting Huge Pages File System...
         Starting Remount Root and Kernel File Systems...
         Starting Create list of required st…ce nodes for the current kernel...
         Starting udev Coldplug [   25.931260] Loading iSCSI transport class v2.0-870.
all Devices...
[[0;32m  OK  [0m] Listening on Journal Socket (/dev/log).
         Startin[   25.964369] EXT4-fs (sda1): re-mounted. Opts: (null)
g Journal Service...
[[0;32m  OK  [0m] Set up autom[   25.978160] iscsi: registered transport (tcp)
ount Arbitrary Executab…rmats File System Automount Point.
         Mounting POSIX Message Queue File System...
[   26.047105] iscsi: registered transport (iser)
[[0;32m  OK  [0m] Started Forward Password Requests to Wall Directory Watch.
[[0;32m  OK  [0m] Started Journal Service.
[[0;32m  OK  [0m] Mounted Kernel Debug File System.
[[0;32m  OK  [0m] Started Uncomplicated firewall.
[[0;32m  OK  [0m] Started Set the console keyboard layout.
[[0;32m  OK  [0m] Started Load Kernel Modules.
[[0;32m  OK  [0m] Mounted Huge Pages File System.
[[0;32m  OK  [0m] Started Remount Root and Kernel File Systems.
[[0;32m  OK  [0m] Started Create list of required sta…vice nodes for the current kernel.
[[0;32m  OK  [0m] Mounted POSIX Message Queue File System.
[[0;32m  OK  [0m] Started LVM2 metadata daemon.
         Starting Create Static Device Nodes in /dev...
         Starting Load/Save Random Seed...
         Starting Apply Kernel Variables...
         Mounting FUSE Control File System...
         Mounting Kernel Configuration File System...
         Starting Flush Journal to Persistent Storage...
[[0;32m  OK  [0m] Started udev Coldplug all Devices.
[[0;32m  OK  [0m] Started Create Static Device Nodes in /dev.
[[0;32m  OK  [0m] Started Load/Save Random Seed.
[[0;32m  OK  [0m] Started Monitoring of LVM2 mirrors,…sing dmeventd or progress polling.
[[0;32m  OK  [0m] Started Apply Kernel Variables.
[[0;32m  OK  [0m] Mounted FUSE Control File System.
[[0;32m  OK  [0m] Mounted Kernel Configuration File System.
         Starting udev Kernel Device Manager...
[[0;32m  OK  [0m] Reached target Local File Systems (Pre).
[[0;32m  OK  [0m] Reached target Local File Systems.
         Starting AppArmor initialization...
         Starting Set console font and keymap...
         Starting ebtables ruleset management...
         Starting Tell Plymouth To Write Out Runtime Data...
[[0;32m  OK  [0m] Started udev Kernel Device Manager.
[[0;32m  OK  [0m] Started Dispatch Password Requests to Console Directory Watch.
[[0;32m  OK  [0m] Reached target Local Encrypted Volumes.
[[0;32m  OK  [0m] Started Set console font and keymap.
[[0;32m  OK  [0m] Started Tell Plymouth To Write Out Runtime Data.
[[0;32m  OK  [0m] Started ebtables ruleset management.
[[0;32m  OK  [0m] Found device /dev/ttyS0.
[[0;32m  OK  [0m] Started Flush Journal to Persistent Storage.
         Starting Create Volatile Files and Directories...
[[0;32m  OK  [0m] Started Create Volatile Files and Directories.
[[0;32m  OK  [0m] Listening on Load/Save RF Kill Switch Status /dev/rfkill Watch.
         Starting Update UTMP about System Boot/Shutdown...
[[0;32m  OK  [0m] Started Update UTMP about System Boot/Shutdown.
[[0;32m  OK  [0m] Started AppArmor initialization.
         Starting Initial cloud-init job (pre-networking)...
[   27.777768] cloud-init[539]: Cloud-init v. 19.1-1-gbaa47854-0ubuntu1~18.04.1 running 'init-local' at Fri, 22 Nov 2019 06:05:12 +0000. Up 27.56 seconds.
[[0;32m  OK  [0m] Started Initial cloud-init job (pre-networking).
[[0;32m  OK  [0m] Reached target Network (Pre).
         Starting Network Service...
[[0;32m  OK  [0m] Started Network Service.
         Starting Network Name Resolution...
         Starting Wait for Network to be Configured...
[[0;32m  OK  [0m] Started Network Name Resolution.
[[0;32m  OK  [0m] Reached target Network.
[[0;32m  OK  [0m] Reached target Host and Network Name Lookups.
[[0;32m  OK  [0m] Started Wait for Network to be Configured.
         Starting Initial cloud-init job (metadata service crawler)...
[   30.155962] cloud-init[711]: Cloud-init v. 19.1-1-gbaa47854-0ubuntu1~18.04.1 running 'init' at Fri, 22 Nov 2019 06:05:15 +0000. Up 30.03 seconds.
[   30.172274] cloud-init[711]: ci-info: ++++++++++++++++++++++++++++++++++++++Net device info+++++++++++++++++++++++++++++++++++++++
[   30.185002] cloud-init[711]: ci-info: +--------+------+-----------------------------+---------------+--------+-------------------+
[   30.188436] cloud-init[711]: ci-info: | Device |  Up  |           Address           |      Mask     | Scope  |     Hw-Address    |
[   30.196455] cloud-init[711]: ci-info: +--------+------+-----------------------------+---------------+--------+-------------------+
[   30.207209] cloud-init[711]: ci-info: | enp0s3 | True |          10.0.2.15          | 255.255.255.0 | global | 02:76:54:76:58:75 |
[   30.214590] cloud-init[711]: ci-info: | enp0s3 | True |  fe80::76:54ff:fe76:5875/64 |       .       |  link  | 02:76:54:76:58:75 |
[   30.218324] cloud-init[711]: ci-info: | enp0s8 | True |        192.168.33.10        | 255.255.255.0 | global | 08:00:27:7a:a0:f8 |
[   30.223102] cloud-init[711]: ci-info: | enp0s8 | True | fe80::a00:27ff:fe7a:a0f8/64 |       .       |  link  | 08:00:27:7a:a0:f8 |
[   30.246253] cloud-init[711]: ci-info: |   lo   | True |          127.0.0.1          |   255.0.0.0   |  host  |         .         |
[   30.249434] cloud-init[711]: ci-info: |   lo   | True |           ::1/128           |       .       |  host  |         .         |
[   30.296412] cloud-init[711]: ci-info: +--------+------+-----------------------------+---------------+--------+-------------------+
[   30.305364] cloud-init[711]: ci-info: +++++++++++++++++++++++++++++Route IPv4 info+++++++++++++++++++++++++++++
[   30.309140] cloud-init[711]: ci-info: +-------+--------------+----------+-----------------+-----------+-------+
[   30.313557] cloud-init[711]: ci-info: | Route | Destination  | Gateway  |     Genmask     | Interface | Flags |
[   30.318620] cloud-init[711]: ci-info: +-------+--------------+----------+-----------------+-----------+-------+
[   30.329086] cloud-init[711]: ci-info: |   0   |   0.0.0.0    | 10.0.2.2 |     0.0.0.0     |   enp0s3  |   UG  |
[   30.333058] cloud-init[711]: ci-info: |   1   |   10.0.2.0   | 0.0.0.0  |  255.255.255.0  |   enp0s3  |   U   |
[   30.339322] cloud-init[711]: ci-info: |   2   |   10.0.2.2   | 0.0.0.0  | 255.255.255.255 |   enp0s3  |   UH  |
[   30.348355] cloud-init[711]: ci-info: |   3   | 192.168.33.0 | 0.0.0.0  |  255.255.255.0  |   enp0s8  |   U   |
[   30.359900] cloud-init[711]: ci-info: +-------+--------------+----------+-----------------+-----------+-------+
[   30.383235] cloud-init[711]: ci-info: +++++++++++++++++++Route IPv6 info+++++++++++++++++++
[   30.387361] cloud-init[711]: ci-info: +-------+-------------+---------+-----------+-------+
[   30.400616] cloud-init[711]: ci-info: | Route | Destination | Gateway | Interface | Flags |
[   30.416303] cloud-init[711]: ci-info: +-------+-------------+---------+-----------+-------+
[   30.420852] cloud-init[711]: ci-info: |   1   |  fe80::/64  |    ::   |   enp0s8  |   U   |
[   30.423933] cloud-init[711]: ci-info: |   2   |  fe80::/64  |    ::   |   enp0s3  |   U   |
[   30.428239] cloud-init[711]: ci-info: |   4   |    local    |    ::   |   enp0s3  |   U   |
[   30.433696] cloud-init[711]: ci-info: |   5   |    local    |    ::   |   enp0s8  |   U   |
[   30.436227] cloud-init[711]: ci-info: |   6   |   ff00::/8  |    ::   |   enp0s8  |   U   |
[   30.440246] cloud-init[711]: ci-info: |   7   |   ff00::/8  |    ::   |   enp0s3  |   U   |
[[   30.480336] cloud-init[711]: ci-info: +-------+-------------+---------+-----------+-------+
[0;32m  OK  [0m] Started Initial cloud-init job (metadata service crawler).
[[0;32m  OK  [0m] Reached target System Initialization.
         Starting LXD - unix socket.
         Starting Socket activation for snappy daemon.
[[0;32m  OK  [0m] Started Daily apt download activities.
[[0;32m  OK  [0m] Listening on ACPID Listen Socket.
[[0;32m  OK  [0m] Started Message of the Day.
[[0;32m  OK  [0m] Listening on UUID daemon activation socket.
[[0;32m  OK  [0m] Started Discard unused blocks once a week.
[[0;32m  OK  [0m] Started Daily Cleanup of Temporary Directories.
[[0;32m  OK  [0m] Listening on D-Bus System Message Bus Socket.
[[0;32m  OK  [0m] Started Daily apt upgrade and clean activities.
[[0;32m  OK  [0m] Reached target Timers.
[[0;32m  OK  [0m] Started ACPI Events Check.
[[0;32m  OK  [0m] Reached target Paths.
[[0;32m  OK  [0m] Listening on Open-iSCSI iscsid Socket.
[[0;32m  OK  [0m] Reached target Cloud-config availability.
[[0;32m  OK  [0m] Reached target Network is Online.
         Starting Availability of block devices...
[[0;32m  OK  [0m] Reached target Remote File Systems (Pre).
[[0;32m  OK  [0m] Reached target Remote File Systems.
[[0;32m  OK  [0m] Listening on LXD - unix socket.
[[0;32m  OK  [0m] Listening on Socket activation for snappy daemon.
[[0;32m  OK  [0m] Started Availability of block devices.
[[0;32m  OK  [0m] Reached target Sockets.
[[0;32m  OK  [0m] Reached target Basic System.
         Starting LXD - container startup/shutdown...
         Starting vboxadd.service...
         Starting System Logging Service...
[[0;32m  OK  [0m] Started irqbalance daemon.
         Starting Dispatcher daemon for systemd-networkd...
         Starting OpenBSD Secure Shell server...
[[0;32m  OK  [0m] Started Deferred execution scheduler.
[[0;32m  OK  [0m] Started Regular background program processing daemon.
         Starting Permit User Sessions...
         Starting Snappy daemon...
[[0;32m  OK  [0m] Started D-Bus System Message Bus.
         Starting Accounts Service...
         Starting LSB: Record successful boot for GRUB...
[[0;32m  OK  [0m] Started FUSE filesystem for LXC.
         Starting LSB: automatic crash report generation...
         Starting Message of the Day...
         Starting Login Service...
[[0;32m  OK  [0m] Started System Logging Service.
[[0;32m  OK  [0m] Started LXD - container startup/shutdown.
[[0;32m  OK  [0m] Started Permit User Sessions.
[[0;32m  OK  [0m] Started OpenBSD Secure Shell server.
         Starting Hold until boot process finishes up...
         Starting Terminate Plymouth Boot Screen...
[[0;32m  OK  [0m] Started Hold until boot process finishes up.
[[0;32m  OK  [0m] Started Serial Getty on ttyS0.
         Starting Set console scheme...
[[0;32m  OK  [0m] Started Terminate Plymouth Boot Screen.
[[0;32m  OK  [0m] Started Set console scheme.
[[0;32m  OK  [0m] Started Login Service.
         Starting Authorization Manager...
[[0;32m  OK  [0m] Started Unattended Upgrades Shutdown.
[[0;32m  OK  [0m] Created slice system-getty.slice.
[[0;32m  OK  [0m] Started Getty on tty1.
[[0;32m  OK  [0m] Reached target Login Prompts.
[[0;32m  OK  [0m] Started LSB: Record successful boot for GRUB.
[[0;32m  OK  [0m] Started LSB: automatic crash report generation.
[[0;32m  OK  [0m] Started Authorization Manager.
[[0;32m  OK  [0m] Started Accounts Service.
[[0;32m  OK  [0m] Started Dispatcher daemon for systemd-networkd.
[[0;32m  OK  [0m] Created slice User Slice of vagrant.
         Starting User Manager for UID 1000...
[[0;32m  OK  [0m] Started Session 1 of user vagrant.
[[0;32m  OK  [0m] Started Snappy daemon.
[[0;32m  OK  [0m] Started vboxadd.service.
         Starting vboxadd-service.service...
         Starting Wait until snapd is fully seeded...
[[0;32m  OK  [0m] Started Wait until snapd is fully seeded.
[[0;32m  OK  [0m] Started User Manager for UID 1000.
         Starting Apply the settings specified in cloud-config...
[[0;32m  OK  [0m] Started vboxadd-service.service.
[[0;32m  OK  [0m] Reached target Multi-User System.
[[0;32m  OK  [0m] Reached target Graphical Interface.
         Starting Update UTMP about System Runlevel Changes...
[[0;32m  OK  [0m] Started Update UTMP about System Runlevel Changes.
[   32.249014] cloud-init[1238]: Cloud-init v. 19.1-1-gbaa47854-0ubuntu1~18.04.1 running 'modules:config' at Fri, 22 Nov 2019 06:05:17 +0000. Up 32.12 seconds.
[[0;32m  OK  [0m] Started Apply the settings specified in cloud-config.
         Starting Execute cloud user/final scripts...
[   32.779566] cloud-init[1337]: Cloud-init v. 19.1-1-gbaa47854-0ubuntu1~18.04.1 running 'modules:final' at Fri, 22 Nov 2019 06:05:17 +0000. Up 32.66 seconds.
[   32.800896] cloud-init[1337]: Cloud-init v. 19.1-1-gbaa47854-0ubuntu1~18.04.1 finished at Fri, 22 Nov 2019 06:05:17 +0000. Datasource DataSourceNoCloud [seed=/dev/sdb][dsmode=net].  Up 32.77 seconds
[[0;32m  OK  [0m] Started Execute cloud user/final scripts.
[[0;32m  OK  [0m] Reached target Cloud-init target.
[[0;32m  OK  [0m] Started Message of the Day.

Ubuntu 18.04.3 LTS ubuntu-bionic ttyS0

ubuntu-bionic login: 